<?xml version="1.0" encoding="UTF-8"?>
<testng-results total="5" passed="5" failed="0" skipped="0">
  <reporter-output>
  </reporter-output>
  <suite started-at="2025-04-23T19:26:20Z" name="Test Suite for Buildout" finished-at="2025-04-23T19:37:45Z" duration-ms="685277">
    <groups>
    </groups>
    <test started-at="2025-04-23T19:26:20Z" name="Test Cases for Buildout" finished-at="2025-04-23T19:37:45Z" duration-ms="685277">
      <class name="demo.TestCases">
        <test-method is-config="true" signature="startBrowser()[pri:0, instance:demo.TestCases@63fdab07]" started-at="2025-04-24T00:56:20Z" name="startBrowser" finished-at="2025-04-24T00:56:28Z" duration-ms="8508" status="PASS">
          <reporter-output>
          </reporter-output>
        </test-method> <!-- startBrowser -->
        <test-method signature="testCase01()[pri:1, instance:demo.TestCases@63fdab07]" started-at="2025-04-24T00:56:28Z" name="testCase01" finished-at="2025-04-24T00:56:35Z" duration-ms="6617" status="PASS">
          <reporter-output>
          </reporter-output>
        </test-method> <!-- testCase01 -->
        <test-method signature="testCase02()[pri:2, instance:demo.TestCases@63fdab07]" started-at="2025-04-24T00:56:35Z" name="testCase02" finished-at="2025-04-24T00:56:51Z" duration-ms="15643" status="PASS">
          <reporter-output>
          </reporter-output>
        </test-method> <!-- testCase02 -->
        <test-method signature="testCase03()[pri:3, instance:demo.TestCases@63fdab07]" started-at="2025-04-24T00:56:51Z" name="testCase03" finished-at="2025-04-24T00:56:57Z" duration-ms="6039" status="PASS">
          <reporter-output>
          </reporter-output>
        </test-method> <!-- testCase03 -->
        <test-method signature="testCase04()[pri:4, instance:demo.TestCases@63fdab07]" started-at="2025-04-24T00:56:57Z" name="testCase04" finished-at="2025-04-24T00:57:07Z" duration-ms="9806" status="PASS">
          <reporter-output>
          </reporter-output>
        </test-method> <!-- testCase04 -->
        <test-method signature="testCase05()[pri:5, instance:demo.TestCases@63fdab07]" started-at="2025-04-24T00:57:07Z" name="testCase05" finished-at="2025-04-24T01:07:42Z" duration-ms="635472" status="PASS">
          <reporter-output>
          </reporter-output>
        </test-method> <!-- testCase05 -->
        <test-method is-config="true" signature="endTest()[pri:0, instance:demo.TestCases@63fdab07]" started-at="2025-04-24T01:07:42Z" name="endTest" finished-at="2025-04-24T01:07:45Z" duration-ms="3115" status="PASS">
          <reporter-output>
          </reporter-output>
        </test-method> <!-- endTest -->
      </class> <!-- demo.TestCases -->
    </test> <!-- Test Cases for Buildout -->
  </suite> <!-- Test Suite for Buildout -->
</testng-results>
